%!Adobe-FontList 1.14
%Locale:0x804

%BeginFont
Handler:DirectoryHandler
FontType:Invalid
OutlineFileName:F:\aotemanweixin\Font\iconfont.eot
FileModTime:1451286360
%EndFont

%BeginFont
Handler:DirectoryHandler
FontType:TrueType
FontName:iconfont
FamilyName:iconfont
StyleName:Medium
FullName:iconfont
MenuName:iconfont
StyleBits:0
WritingScript:Roman
OutlineFileName:F:\aotemanweixin\Font\iconfont.ttf
DataFormat:sfntData
FileLength:7400
FileModTime:1451286358
WeightClass:500
WidthClass:5
AngleClass:0
%EndFont

%BeginFont
Handler:DirectoryHandler
FontType:Invalid
OutlineFileName:F:\aotemanweixin\Font\iconfont.woff
FileModTime:1451286360
%EndFont

